<?xml version="1.0" encoding="UTF-8"?>
<testng-results skipped="0" failed="0" total="4" passed="4">
  <reporter-output>
  </reporter-output>
  <suite name="Suite" duration-ms="3522" started-at="2019-04-17T11:23:25Z" finished-at="2019-04-17T11:23:29Z">
    <groups>
    </groups>
    <test name="Test" duration-ms="3522" started-at="2019-04-17T11:23:25Z" finished-at="2019-04-17T11:23:29Z">
      <class name="com.jbk.LoginTest">
        <test-method status="PASS" signature="setup_Browser()[pri:0, instance:com.jbk.LoginTest@2c6a3f77]" name="setup_Browser" is-config="true" duration-ms="3729" started-at="2019-04-17T16:53:21Z" finished-at="2019-04-17T16:53:25Z">
          <reporter-output>
          </reporter-output>
        </test-method> <!-- setup_Browser -->
        <test-method status="PASS" signature="Valid_username_password()[pri:1, instance:com.jbk.LoginTest@2c6a3f77]" name="Valid_username_password" duration-ms="1160" started-at="2019-04-17T16:53:25Z" finished-at="2019-04-17T16:53:26Z">
          <reporter-output>
          </reporter-output>
        </test-method> <!-- Valid_username_password -->
        <test-method status="PASS" signature="Verify_Url_DashBoard()[pri:2, instance:com.jbk.LoginTest@2c6a3f77]" name="Verify_Url_DashBoard" duration-ms="9" started-at="2019-04-17T16:53:26Z" finished-at="2019-04-17T16:53:26Z">
          <reporter-output>
          </reporter-output>
        </test-method> <!-- Verify_Url_DashBoard -->
        <test-method status="PASS" signature="click_OnUser()[pri:3, instance:com.jbk.LoginTest@2c6a3f77]" name="click_OnUser" duration-ms="2338" started-at="2019-04-17T16:53:26Z" finished-at="2019-04-17T16:53:29Z">
          <reporter-output>
          </reporter-output>
        </test-method> <!-- click_OnUser -->
        <test-method status="PASS" signature="run()[pri:4, instance:com.jbk.LoginTest@2c6a3f77]" name="run" duration-ms="0" started-at="2019-04-17T16:53:29Z" finished-at="2019-04-17T16:53:29Z">
          <reporter-output>
          </reporter-output>
        </test-method> <!-- run -->
      </class> <!-- com.jbk.LoginTest -->
    </test> <!-- Test -->
  </suite> <!-- Suite -->
</testng-results>
