<?xml version="1.0" encoding="UTF-8"?>
<!-- Generated by org.testng.reporters.JUnitXMLReporter -->
<testsuite hostname="LAPTOP-K6DCR1DD" name="Test" tests="4" failures="0" timestamp="17 Apr 2019 11:23:29 GMT" time="3.522" errors="0">
  <testcase name="Valid_username_password" time="1.16" classname="com.jbk.LoginTest"/>
  <testcase name="Verify_Url_DashBoard" time="0.009" classname="com.jbk.LoginTest"/>
  <testcase name="click_OnUser" time="2.338" classname="com.jbk.LoginTest"/>
  <testcase name="run" time="0.0" classname="com.jbk.LoginTest"/>
</testsuite> <!-- Test -->
