<?xml version="1.0" encoding="UTF-8"?>
<testng-results skipped="0" failed="0" total="2" passed="2">
  <reporter-output>
  </reporter-output>
  <suite name="Suite" duration-ms="98519" started-at="2019-05-13T07:55:50Z" finished-at="2019-05-13T07:57:29Z">
    <groups>
    </groups>
    <test name="Test" duration-ms="98519" started-at="2019-05-13T07:55:50Z" finished-at="2019-05-13T07:57:29Z">
      <class name="com.Naukari.qa.Tests.HomePageTestCases">
        <test-method status="PASS" signature="setUp()[pri:0, instance:com.Naukari.qa.Tests.HomePageTestCases@4c203ea1]" name="setUp" is-config="true" duration-ms="21587" started-at="2019-05-13T13:26:17Z" finished-at="2019-05-13T13:26:39Z">
          <reporter-output>
          </reporter-output>
        </test-method> <!-- setUp -->
        <test-method status="PASS" signature="TestSearch()[pri:0, instance:com.Naukari.qa.Tests.HomePageTestCases@4c203ea1]" name="TestSearch" duration-ms="47969" started-at="2019-05-13T13:26:39Z" finished-at="2019-05-13T13:27:27Z">
          <reporter-output>
          </reporter-output>
        </test-method> <!-- TestSearch -->
        <test-method status="PASS" signature="CloseSetUp()[pri:0, instance:com.Naukari.qa.Tests.HomePageTestCases@4c203ea1]" name="CloseSetUp" is-config="true" duration-ms="1516" started-at="2019-05-13T13:27:27Z" finished-at="2019-05-13T13:27:29Z">
          <reporter-output>
          </reporter-output>
        </test-method> <!-- CloseSetUp -->
      </class> <!-- com.Naukari.qa.Tests.HomePageTestCases -->
      <class name="com.Naukari.qa.Tests.LoginPageTestCases">
        <test-method status="PASS" signature="setUp()[pri:0, instance:com.Naukari.qa.Tests.LoginPageTestCases@7a79be86]" name="setUp" is-config="true" duration-ms="11831" started-at="2019-05-13T13:25:50Z" finished-at="2019-05-13T13:26:02Z">
          <reporter-output>
          </reporter-output>
        </test-method> <!-- setUp -->
        <test-method status="PASS" signature="TestLogin()[pri:0, instance:com.Naukari.qa.Tests.LoginPageTestCases@7a79be86]" name="TestLogin" duration-ms="14464" started-at="2019-05-13T13:26:02Z" finished-at="2019-05-13T13:26:16Z">
          <reporter-output>
          </reporter-output>
        </test-method> <!-- TestLogin -->
        <test-method status="PASS" signature="CloseSetUp()[pri:0, instance:com.Naukari.qa.Tests.LoginPageTestCases@7a79be86]" name="CloseSetUp" is-config="true" duration-ms="1139" started-at="2019-05-13T13:26:16Z" finished-at="2019-05-13T13:26:17Z">
          <reporter-output>
          </reporter-output>
        </test-method> <!-- CloseSetUp -->
      </class> <!-- com.Naukari.qa.Tests.LoginPageTestCases -->
    </test> <!-- Test -->
  </suite> <!-- Suite -->
</testng-results>
